<?xml version="1.0" encoding="UTF-8"?>
<!-- Generated by org.testng.reporters.JUnitXMLReporter -->
<testsuite ignored="0" hostname="MridulaKulkarni" failures="1" tests="10" name="AccountTest" time="13.607" errors="0" timestamp="2025-03-25T20:43:12 IST">
  <testcase classname="com.qa.opencart.test.AccountsPageTest" name="AccPageTitleTest" time="0.547"/>
  <testcase classname="com.qa.opencart.test.AccountsPageTest" name="AccPageUrlTest" time="0.021"/>
  <testcase classname="com.qa.opencart.test.AccountsPageTest" name="searchTest" time="0.052"/>
  <testcase classname="com.qa.opencart.test.AccountsPageTest" name="logoutExists" time="0.075"/>
  <testcase classname="com.qa.opencart.test.AccountsPageTest" name="AccPageHeadersTest" time="0.157"/>
  <testcase classname="com.qa.opencart.test.AccountsPageTest" name="searchCheckTest" time="0.0">
    <failure type="org.testng.TestNGException" message="
Method public void com.qa.opencart.test.AccountsPageTest.searchCheckTest(java.lang.String) requires a @DataProvider named : getProductKey">
      <![CDATA[org.testng.TestNGException: 
Method public void com.qa.opencart.test.AccountsPageTest.searchCheckTest(java.lang.String) requires a @DataProvider named : getProductKey
at java.base/java.util.ArrayList.forEach(ArrayList.java:1597)
... Removed 24 stack frames]]>
    </failure>
  </testcase> <!-- searchCheckTest -->
  <testcase classname="com.qa.opencart.test.AccountsPageTest" name="searchTest" time="1.191"/>
  <testcase classname="com.qa.opencart.test.AccountsPageTest" name="searchTest" time="0.984"/>
  <testcase classname="com.qa.opencart.test.AccountsPageTest" name="searchTest" time="1.133"/>
  <testcase classname="com.qa.opencart.test.AccountsPageTest" name="searchTest" time="1.438"/>
</testsuite> <!-- AccountTest -->
