<?xml version="1.0" encoding="UTF-8"?>
<testng-results ignored="0" total="14" passed="12" failed="2" skipped="0">
  <reporter-output>
  </reporter-output>
  <suite started-at="2025-03-25T20:42:35 IST" name="Suite" finished-at="2025-03-25T20:43:12 IST" duration-ms="36394">
    <groups>
    </groups>
    <test started-at="2025-03-25T20:42:35 IST" name="BaseTest" finished-at="2025-03-25T20:42:39 IST" duration-ms="3887">
      <class name="com.qa.opencart.base.BaseTest">
        <test-method is-config="true" signature="setup()[pri:0, instance:com.qa.opencart.base.BaseTest@6ebf0f36]" started-at="2025-03-25T20:42:35 IST" name="setup" finished-at="2025-03-25T20:42:39 IST" duration-ms="3232" status="PASS">
          <reporter-output>
          </reporter-output>
        </test-method> <!-- setup -->
        <test-method is-config="true" signature="teardown()[pri:0, instance:com.qa.opencart.base.BaseTest@6ebf0f36]" started-at="2025-03-25T20:42:39 IST" name="teardown" finished-at="2025-03-25T20:42:39 IST" duration-ms="624" status="PASS">
          <reporter-output>
          </reporter-output>
        </test-method> <!-- teardown -->
      </class> <!-- com.qa.opencart.base.BaseTest -->
    </test> <!-- BaseTest -->
    <test started-at="2025-03-25T20:42:40 IST" name="LoginTest" finished-at="2025-03-25T20:42:58 IST" duration-ms="18069">
      <class name="com.qa.opencart.test.LoginPageTest">
        <test-method is-config="true" signature="setup()[pri:0, instance:com.qa.opencart.test.LoginPageTest@5829e4f4]" started-at="2025-03-25T20:42:40 IST" name="setup" finished-at="2025-03-25T20:42:44 IST" duration-ms="3705" status="PASS">
          <reporter-output>
          </reporter-output>
        </test-method> <!-- setup -->
        <test-method signature="LoginPageTitleTest()[pri:0, instance:com.qa.opencart.test.LoginPageTest@5829e4f4]" started-at="2025-03-25T20:42:44 IST" name="LoginPageTitleTest" finished-at="2025-03-25T20:42:44 IST" duration-ms="460" status="PASS">
          <reporter-output>
          </reporter-output>
        </test-method> <!-- LoginPageTitleTest -->
        <test-method signature="LoginPageUrlTest()[pri:0, instance:com.qa.opencart.test.LoginPageTest@5829e4f4]" started-at="2025-03-25T20:42:44 IST" name="LoginPageUrlTest" finished-at="2025-03-25T20:42:45 IST" duration-ms="336" status="PASS">
          <reporter-output>
          </reporter-output>
        </test-method> <!-- LoginPageUrlTest -->
        <test-method signature="LoginTest()[pri:0, instance:com.qa.opencart.test.LoginPageTest@5829e4f4]" started-at="2025-03-25T20:42:45 IST" name="LoginTest" finished-at="2025-03-25T20:42:46 IST" duration-ms="1337" status="PASS">
          <reporter-output>
          </reporter-output>
        </test-method> <!-- LoginTest -->
        <test-method signature="isForgotPwdLinkExistTest()[pri:0, instance:com.qa.opencart.test.LoginPageTest@5829e4f4]" started-at="2025-03-25T20:42:46 IST" name="isForgotPwdLinkExistTest" finished-at="2025-03-25T20:42:56 IST" duration-ms="10336" status="FAIL">
          <exception class="org.openqa.selenium.NoSuchElementException">
            <message>
              <![CDATA[no such element: Unable to locate element: {"method":"link text","selector":"Forgotten Password"}
  (Session info: chrome=134.0.6998.89)
For documentation on this error, please visit: https://selenium.dev/exceptions/#no_such_element
Build info: version: '4.9.0', revision: 'd7057100a6'
System info: os.name: 'Windows 11', os.arch: 'amd64', os.version: '10.0', java.version: '23.0.2'
Driver info: org.openqa.selenium.chrome.ChromeDriver
Command: [4aeaedd92bb030635004c088ac261c55, findElement {using=link text, value=Forgotten Password}]
Capabilities {acceptInsecureCerts: false, browserName: chrome, browserVersion: 134.0.6998.89, chrome: {chromedriverVersion: 134.0.6998.165 (fd886e2cb29..., userDataDir: C:\Users\mridu\AppData\Loca...}, fedcm:accounts: true, goog:chromeOptions: {debuggerAddress: localhost:52633}, networkConnectionEnabled: false, pageLoadStrategy: normal, platformName: WINDOWS, proxy: Proxy(), se:cdp: ws://localhost:52633/devtoo..., se:cdpVersion: 134.0.6998.89, setWindowRect: true, strictFileInteractability: false, timeouts: {implicit: 0, pageLoad: 300000, script: 30000}, unhandledPromptBehavior: dismiss and notify, webauthn:extension:credBlob: true, webauthn:extension:largeBlob: true, webauthn:extension:minPinLength: true, webauthn:extension:prf: true, webauthn:virtualAuthenticators: true}
Session ID: 4aeaedd92bb030635004c088ac261c55]]>
            </message>
            <full-stacktrace>
              <![CDATA[org.openqa.selenium.NoSuchElementException: no such element: Unable to locate element: {"method":"link text","selector":"Forgotten Password"}
  (Session info: chrome=134.0.6998.89)
For documentation on this error, please visit: https://selenium.dev/exceptions/#no_such_element
Build info: version: '4.9.0', revision: 'd7057100a6'
System info: os.name: 'Windows 11', os.arch: 'amd64', os.version: '10.0', java.version: '23.0.2'
Driver info: org.openqa.selenium.chrome.ChromeDriver
Command: [4aeaedd92bb030635004c088ac261c55, findElement {using=link text, value=Forgotten Password}]
Capabilities {acceptInsecureCerts: false, browserName: chrome, browserVersion: 134.0.6998.89, chrome: {chromedriverVersion: 134.0.6998.165 (fd886e2cb29..., userDataDir: C:\Users\mridu\AppData\Loca...}, fedcm:accounts: true, goog:chromeOptions: {debuggerAddress: localhost:52633}, networkConnectionEnabled: false, pageLoadStrategy: normal, platformName: WINDOWS, proxy: Proxy(), se:cdp: ws://localhost:52633/devtoo..., se:cdpVersion: 134.0.6998.89, setWindowRect: true, strictFileInteractability: false, timeouts: {implicit: 0, pageLoad: 300000, script: 30000}, unhandledPromptBehavior: dismiss and notify, webauthn:extension:credBlob: true, webauthn:extension:largeBlob: true, webauthn:extension:minPinLength: true, webauthn:extension:prf: true, webauthn:virtualAuthenticators: true}
Session ID: 4aeaedd92bb030635004c088ac261c55
at java.base/jdk.internal.reflect.DirectConstructorHandleAccessor.newInstance(DirectConstructorHandleAccessor.java:62)
at java.base/java.lang.reflect.Constructor.newInstanceWithCaller(Constructor.java:501)
at java.base/java.lang.reflect.Constructor.newInstance(Constructor.java:485)
at org.openqa.selenium.remote.codec.w3c.W3CHttpResponseCodec.createException(W3CHttpResponseCodec.java:200)
at org.openqa.selenium.remote.codec.w3c.W3CHttpResponseCodec.decode(W3CHttpResponseCodec.java:133)
at org.openqa.selenium.remote.codec.w3c.W3CHttpResponseCodec.decode(W3CHttpResponseCodec.java:53)
at org.openqa.selenium.remote.HttpCommandExecutor.execute(HttpCommandExecutor.java:193)
at org.openqa.selenium.remote.service.DriverCommandExecutor.invokeExecute(DriverCommandExecutor.java:183)
at org.openqa.selenium.remote.service.DriverCommandExecutor.execute(DriverCommandExecutor.java:158)
at org.openqa.selenium.remote.RemoteWebDriver.execute(RemoteWebDriver.java:543)
at org.openqa.selenium.remote.ElementLocation$ElementFinder$2.findElement(ElementLocation.java:162)
at org.openqa.selenium.remote.ElementLocation.findElement(ElementLocation.java:60)
at org.openqa.selenium.remote.RemoteWebDriver.findElement(RemoteWebDriver.java:352)
at org.openqa.selenium.remote.RemoteWebDriver.findElement(RemoteWebDriver.java:344)
at com.qa.opencart.util.ElementUtil.getElement(ElementUtil.java:48)
at com.qa.opencart.util.ElementUtil.doEleIsDisplayed(ElementUtil.java:64)
at com.qa.opencart.pages.LoginPageClass.isForgotPwdLinkExist(LoginPageClass.java:69)
at com.qa.opencart.test.LoginPageTest.isForgotPwdLinkExistTest(LoginPageTest.java:31)
at java.base/jdk.internal.reflect.DirectMethodHandleAccessor.invoke(DirectMethodHandleAccessor.java:103)
at java.base/java.lang.reflect.Method.invoke(Method.java:580)
at org.testng.internal.invokers.MethodInvocationHelper.invokeMethod(MethodInvocationHelper.java:141)
at org.testng.internal.invokers.TestInvoker.invokeMethod(TestInvoker.java:686)
at org.testng.internal.invokers.TestInvoker.invokeTestMethod(TestInvoker.java:230)
at org.testng.internal.invokers.MethodRunner.runInSequence(MethodRunner.java:63)
at org.testng.internal.invokers.TestInvoker$MethodInvocationAgent.invoke(TestInvoker.java:992)
at org.testng.internal.invokers.TestInvoker.invokeTestMethods(TestInvoker.java:203)
at org.testng.internal.invokers.TestMethodWorker.invokeTestMethods(TestMethodWorker.java:154)
at org.testng.internal.invokers.TestMethodWorker.run(TestMethodWorker.java:134)
at java.base/java.util.ArrayList.forEach(ArrayList.java:1597)
at org.testng.TestRunner.privateRun(TestRunner.java:739)
at org.testng.TestRunner.run(TestRunner.java:614)
at org.testng.SuiteRunner.runTest(SuiteRunner.java:421)
at org.testng.SuiteRunner.runSequentially(SuiteRunner.java:413)
at org.testng.SuiteRunner.privateRun(SuiteRunner.java:373)
at org.testng.SuiteRunner.run(SuiteRunner.java:312)
at org.testng.SuiteRunnerWorker.runSuite(SuiteRunnerWorker.java:52)
at org.testng.SuiteRunnerWorker.run(SuiteRunnerWorker.java:95)
at org.testng.TestNG.runSuitesSequentially(TestNG.java:1274)
at org.testng.TestNG.runSuitesLocally(TestNG.java:1208)
at org.testng.TestNG.runSuites(TestNG.java:1112)
at org.testng.TestNG.run(TestNG.java:1079)
at org.testng.remote.AbstractRemoteTestNG.run(AbstractRemoteTestNG.java:115)
at org.testng.remote.RemoteTestNG.initAndRun(RemoteTestNG.java:293)
at org.testng.remote.RemoteTestNG.main(RemoteTestNG.java:91)
]]>
            </full-stacktrace>
          </exception> <!-- org.openqa.selenium.NoSuchElementException -->
          <reporter-output>
          </reporter-output>
        </test-method> <!-- isForgotPwdLinkExistTest -->
        <test-method is-config="true" signature="teardown()[pri:0, instance:com.qa.opencart.test.LoginPageTest@5829e4f4]" started-at="2025-03-25T20:42:57 IST" name="teardown" finished-at="2025-03-25T20:42:58 IST" duration-ms="1165" status="PASS">
          <reporter-output>
          </reporter-output>
        </test-method> <!-- teardown -->
      </class> <!-- com.qa.opencart.test.LoginPageTest -->
    </test> <!-- LoginTest -->
    <test started-at="2025-03-25T20:42:58 IST" name="AccountTest" finished-at="2025-03-25T20:43:12 IST" duration-ms="13607">
      <class name="com.qa.opencart.test.AccountsPageTest">
        <test-method is-config="true" signature="setup()[pri:0, instance:com.qa.opencart.test.AccountsPageTest@37ddb69a]" started-at="2025-03-25T20:42:58 IST" name="setup" finished-at="2025-03-25T20:43:04 IST" duration-ms="6175" status="PASS">
          <reporter-output>
          </reporter-output>
        </test-method> <!-- setup -->
        <test-method is-config="true" signature="accSetup()[pri:0, instance:com.qa.opencart.test.AccountsPageTest@37ddb69a]" started-at="2025-03-25T20:43:04 IST" name="accSetup" finished-at="2025-03-25T20:43:05 IST" duration-ms="1009" status="PASS">
          <reporter-output>
          </reporter-output>
        </test-method> <!-- accSetup -->
        <test-method signature="AccPageTitleTest()[pri:1, instance:com.qa.opencart.test.AccountsPageTest@37ddb69a]" started-at="2025-03-25T20:43:05 IST" name="AccPageTitleTest" finished-at="2025-03-25T20:43:06 IST" duration-ms="547" status="PASS">
          <reporter-output>
          </reporter-output>
        </test-method> <!-- AccPageTitleTest -->
        <test-method signature="AccPageUrlTest()[pri:2, instance:com.qa.opencart.test.AccountsPageTest@37ddb69a]" started-at="2025-03-25T20:43:06 IST" name="AccPageUrlTest" finished-at="2025-03-25T20:43:06 IST" duration-ms="21" status="PASS">
          <reporter-output>
          </reporter-output>
        </test-method> <!-- AccPageUrlTest -->
        <test-method signature="searchTest()[pri:3, instance:com.qa.opencart.test.AccountsPageTest@37ddb69a]" started-at="2025-03-25T20:43:06 IST" name="searchTest" finished-at="2025-03-25T20:43:06 IST" duration-ms="52" status="PASS">
          <reporter-output>
          </reporter-output>
        </test-method> <!-- searchTest -->
        <test-method signature="logoutExists()[pri:4, instance:com.qa.opencart.test.AccountsPageTest@37ddb69a]" started-at="2025-03-25T20:43:06 IST" name="logoutExists" finished-at="2025-03-25T20:43:06 IST" duration-ms="75" status="PASS">
          <reporter-output>
          </reporter-output>
        </test-method> <!-- logoutExists -->
        <test-method signature="AccPageHeadersTest()[pri:5, instance:com.qa.opencart.test.AccountsPageTest@37ddb69a]" started-at="2025-03-25T20:43:06 IST" name="AccPageHeadersTest" finished-at="2025-03-25T20:43:06 IST" duration-ms="157" status="PASS">
          <reporter-output>
          </reporter-output>
        </test-method> <!-- AccPageHeadersTest -->
        <test-method signature="searchCheckTest(java.lang.String)[pri:6, instance:com.qa.opencart.test.AccountsPageTest@37ddb69a]" started-at="2025-03-25T20:43:06 IST" name="searchCheckTest" finished-at="2025-03-25T20:43:06 IST" duration-ms="0" status="FAIL">
          <exception class="org.testng.TestNGException">
            <message>
              <![CDATA[
Method public void com.qa.opencart.test.AccountsPageTest.searchCheckTest(java.lang.String) requires a @DataProvider named : getProductKey]]>
            </message>
            <full-stacktrace>
              <![CDATA[org.testng.TestNGException: 
Method public void com.qa.opencart.test.AccountsPageTest.searchCheckTest(java.lang.String) requires a @DataProvider named : getProductKey
at org.testng.internal.Parameters.findDataProvider(Parameters.java:532)
at org.testng.internal.Parameters.handleParameters(Parameters.java:769)
at org.testng.internal.Parameters.handleParameters(Parameters.java:734)
at org.testng.internal.invokers.ParameterHandler.handleParameters(ParameterHandler.java:72)
at org.testng.internal.invokers.ParameterHandler.createParameters(ParameterHandler.java:51)
at org.testng.internal.invokers.TestInvoker$MethodInvocationAgent.invoke(TestInvoker.java:946)
at org.testng.internal.invokers.TestInvoker.invokeTestMethods(TestInvoker.java:203)
at org.testng.internal.invokers.TestMethodWorker.invokeTestMethods(TestMethodWorker.java:154)
at org.testng.internal.invokers.TestMethodWorker.run(TestMethodWorker.java:134)
at java.base/java.util.ArrayList.forEach(ArrayList.java:1597)
at org.testng.TestRunner.privateRun(TestRunner.java:739)
at org.testng.TestRunner.run(TestRunner.java:614)
at org.testng.SuiteRunner.runTest(SuiteRunner.java:421)
at org.testng.SuiteRunner.runSequentially(SuiteRunner.java:413)
at org.testng.SuiteRunner.privateRun(SuiteRunner.java:373)
at org.testng.SuiteRunner.run(SuiteRunner.java:312)
at org.testng.SuiteRunnerWorker.runSuite(SuiteRunnerWorker.java:52)
at org.testng.SuiteRunnerWorker.run(SuiteRunnerWorker.java:95)
at org.testng.TestNG.runSuitesSequentially(TestNG.java:1274)
at org.testng.TestNG.runSuitesLocally(TestNG.java:1208)
at org.testng.TestNG.runSuites(TestNG.java:1112)
at org.testng.TestNG.run(TestNG.java:1079)
at org.testng.remote.AbstractRemoteTestNG.run(AbstractRemoteTestNG.java:115)
at org.testng.remote.RemoteTestNG.initAndRun(RemoteTestNG.java:293)
at org.testng.remote.RemoteTestNG.main(RemoteTestNG.java:91)
]]>
            </full-stacktrace>
          </exception> <!-- org.testng.TestNGException -->
          <reporter-output>
          </reporter-output>
        </test-method> <!-- searchCheckTest -->
        <test-method signature="searchTest(java.lang.String,java.lang.String)[pri:7, instance:com.qa.opencart.test.AccountsPageTest@37ddb69a]" started-at="2025-03-25T20:43:07 IST" name="searchTest" data-provider="getProductData" finished-at="2025-03-25T20:43:08 IST" duration-ms="1191" status="PASS">
          <params>
            <param index="0">
              <value>
                <![CDATA[Macbook]]>
              </value>
            </param>
            <param index="1">
              <value>
                <![CDATA[MacBook Pro]]>
              </value>
            </param>
          </params>
          <reporter-output>
          </reporter-output>
        </test-method> <!-- searchTest -->
        <test-method signature="searchTest(java.lang.String,java.lang.String)[pri:7, instance:com.qa.opencart.test.AccountsPageTest@37ddb69a]" started-at="2025-03-25T20:43:08 IST" name="searchTest" data-provider="getProductData" finished-at="2025-03-25T20:43:09 IST" duration-ms="984" status="PASS">
          <params>
            <param index="0">
              <value>
                <![CDATA[Macbook]]>
              </value>
            </param>
            <param index="1">
              <value>
                <![CDATA[MacBook Air]]>
              </value>
            </param>
          </params>
          <reporter-output>
          </reporter-output>
        </test-method> <!-- searchTest -->
        <test-method signature="searchTest(java.lang.String,java.lang.String)[pri:7, instance:com.qa.opencart.test.AccountsPageTest@37ddb69a]" started-at="2025-03-25T20:43:09 IST" name="searchTest" data-provider="getProductData" finished-at="2025-03-25T20:43:10 IST" duration-ms="1133" status="PASS">
          <params>
            <param index="0">
              <value>
                <![CDATA[iMac]]>
              </value>
            </param>
            <param index="1">
              <value>
                <![CDATA[iMac]]>
              </value>
            </param>
          </params>
          <reporter-output>
          </reporter-output>
        </test-method> <!-- searchTest -->
        <test-method signature="searchTest(java.lang.String,java.lang.String)[pri:7, instance:com.qa.opencart.test.AccountsPageTest@37ddb69a]" started-at="2025-03-25T20:43:10 IST" name="searchTest" data-provider="getProductData" finished-at="2025-03-25T20:43:11 IST" duration-ms="1438" status="PASS">
          <params>
            <param index="0">
              <value>
                <![CDATA[Samsung]]>
              </value>
            </param>
            <param index="1">
              <value>
                <![CDATA[Samsung SyncMaster 941BW]]>
              </value>
            </param>
          </params>
          <reporter-output>
          </reporter-output>
        </test-method> <!-- searchTest -->
        <test-method is-config="true" signature="teardown()[pri:0, instance:com.qa.opencart.test.AccountsPageTest@37ddb69a]" started-at="2025-03-25T20:43:11 IST" name="teardown" finished-at="2025-03-25T20:43:12 IST" duration-ms="399" status="PASS">
          <reporter-output>
          </reporter-output>
        </test-method> <!-- teardown -->
      </class> <!-- com.qa.opencart.test.AccountsPageTest -->
    </test> <!-- AccountTest -->
  </suite> <!-- Suite -->
</testng-results>
